{"C:\\Users\\KIIT\\Desktop\\kinshuk api\\models\\Student.js": {"path":"C:\\Users\\KIIT\\Desktop\\kinshuk api\\models\\Student.js","statementMap":{"0":{"start":{"line":1,"column":17},"end":{"line":1,"column":36}},"1":{"start":{"line":3,"column":22},"end":{"line":11,"column":2}},"2":{"start":{"line":13,"column":0},"end":{"line":13,"column":58}}},"fnMap":{},"branchMap":{},"s":{"0":3,"1":3,"2":3},"f":{},"b":{},"_coverageSchema":"1a1c01bbd47fc00a2c39e90264f33305004495a9","hash":"d8d0e7b2505e2cc54305102d34ba97f061e57cdb"}
,"C:\\Users\\KIIT\\Desktop\\kinshuk api\\routes\\students.js": {"path":"C:\\Users\\KIIT\\Desktop\\kinshuk api\\routes\\students.js","statementMap":{"0":{"start":{"line":1,"column":16},"end":{"line":1,"column":34}},"1":{"start":{"line":2,"column":15},"end":{"line":2,"column":31}},"2":{"start":{"line":3,"column":16},"end":{"line":3,"column":44}},"3":{"start":{"line":6,"column":0},"end":{"line":19,"column":3}},"4":{"start":{"line":7,"column":2},"end":{"line":18,"column":3}},"5":{"start":{"line":9,"column":4},"end":{"line":11,"column":5}},"6":{"start":{"line":10,"column":6},"end":{"line":10,"column":74}},"7":{"start":{"line":13,"column":20},"end":{"line":13,"column":41}},"8":{"start":{"line":14,"column":18},"end":{"line":14,"column":38}},"9":{"start":{"line":15,"column":4},"end":{"line":15,"column":32}},"10":{"start":{"line":17,"column":4},"end":{"line":17,"column":51}},"11":{"start":{"line":22,"column":0},"end":{"line":29,"column":3}},"12":{"start":{"line":23,"column":2},"end":{"line":28,"column":3}},"13":{"start":{"line":24,"column":21},"end":{"line":24,"column":41}},"14":{"start":{"line":25,"column":4},"end":{"line":25,"column":35}},"15":{"start":{"line":27,"column":4},"end":{"line":27,"column":51}},"16":{"start":{"line":32,"column":0},"end":{"line":42,"column":3}},"17":{"start":{"line":33,"column":2},"end":{"line":41,"column":3}},"18":{"start":{"line":34,"column":20},"end":{"line":34,"column":91}},"19":{"start":{"line":35,"column":4},"end":{"line":37,"column":5}},"20":{"start":{"line":36,"column":6},"end":{"line":36,"column":68}},"21":{"start":{"line":38,"column":4},"end":{"line":38,"column":34}},"22":{"start":{"line":40,"column":4},"end":{"line":40,"column":51}},"23":{"start":{"line":45,"column":0},"end":{"line":55,"column":3}},"24":{"start":{"line":46,"column":2},"end":{"line":54,"column":3}},"25":{"start":{"line":47,"column":20},"end":{"line":47,"column":66}},"26":{"start":{"line":48,"column":4},"end":{"line":50,"column":5}},"27":{"start":{"line":49,"column":6},"end":{"line":49,"column":68}},"28":{"start":{"line":51,"column":4},"end":{"line":51,"column":57}},"29":{"start":{"line":53,"column":4},"end":{"line":53,"column":51}},"30":{"start":{"line":57,"column":0},"end":{"line":57,"column":24}}},"fnMap":{"0":{"name":"(anonymous_0)","decl":{"start":{"line":6,"column":17},"end":{"line":6,"column":18}},"loc":{"start":{"line":6,"column":37},"end":{"line":19,"column":1}},"line":6},"1":{"name":"(anonymous_1)","decl":{"start":{"line":22,"column":16},"end":{"line":22,"column":17}},"loc":{"start":{"line":22,"column":36},"end":{"line":29,"column":1}},"line":22},"2":{"name":"(anonymous_2)","decl":{"start":{"line":32,"column":19},"end":{"line":32,"column":20}},"loc":{"start":{"line":32,"column":39},"end":{"line":42,"column":1}},"line":32},"3":{"name":"(anonymous_3)","decl":{"start":{"line":45,"column":22},"end":{"line":45,"column":23}},"loc":{"start":{"line":45,"column":42},"end":{"line":55,"column":1}},"line":45}},"branchMap":{"0":{"loc":{"start":{"line":9,"column":4},"end":{"line":11,"column":5}},"type":"if","locations":[{"start":{"line":9,"column":4},"end":{"line":11,"column":5}},{"start":{},"end":{}}],"line":9},"1":{"loc":{"start":{"line":9,"column":8},"end":{"line":9,"column":61}},"type":"binary-expr","locations":[{"start":{"line":9,"column":8},"end":{"line":9,"column":22}},{"start":{"line":9,"column":26},"end":{"line":9,"column":41}},{"start":{"line":9,"column":45},"end":{"line":9,"column":61}}],"line":9},"2":{"loc":{"start":{"line":35,"column":4},"end":{"line":37,"column":5}},"type":"if","locations":[{"start":{"line":35,"column":4},"end":{"line":37,"column":5}},{"start":{},"end":{}}],"line":35},"3":{"loc":{"start":{"line":48,"column":4},"end":{"line":50,"column":5}},"type":"if","locations":[{"start":{"line":48,"column":4},"end":{"line":50,"column":5}},{"start":{},"end":{}}],"line":48}},"s":{"0":1,"1":1,"2":1,"3":1,"4":2,"5":2,"6":1,"7":1,"8":1,"9":1,"10":0,"11":1,"12":1,"13":1,"14":1,"15":0,"16":1,"17":1,"18":1,"19":1,"20":1,"21":0,"22":0,"23":1,"24":1,"25":1,"26":1,"27":1,"28":0,"29":0,"30":1},"f":{"0":2,"1":1,"2":1,"3":1},"b":{"0":[1,1],"1":[2,1,1],"2":[1,0],"3":[1,0]},"_coverageSchema":"1a1c01bbd47fc00a2c39e90264f33305004495a9","hash":"1f32775b07d284f1ddd7de653f1985c69f82c829"}
}
