TN:
SF:models\Student.js
FNF:0
FNH:0
DA:1,3
DA:3,3
DA:13,3
LF:3
LH:3
BRF:0
BRH:0
end_of_record
TN:
SF:routes\students.js
FN:6,(anonymous_0)
FN:22,(anonymous_1)
FN:32,(anonymous_2)
FN:45,(anonymous_3)
FNF:4
FNH:4
FNDA:2,(anonymous_0)
FNDA:1,(anonymous_1)
FNDA:1,(anonymous_2)
FNDA:1,(anonymous_3)
DA:1,1
DA:2,1
DA:3,1
DA:6,1
DA:7,2
DA:9,2
DA:10,1
DA:13,1
DA:14,1
DA:15,1
DA:17,0
DA:22,1
DA:23,1
DA:24,1
DA:25,1
DA:27,0
DA:32,1
DA:33,1
DA:34,1
DA:35,1
DA:36,1
DA:38,0
DA:40,0
DA:45,1
DA:46,1
DA:47,1
DA:48,1
DA:49,1
DA:51,0
DA:53,0
DA:57,1
LF:31
LH:25
BRDA:9,0,0,1
BRDA:9,0,1,1
BRDA:9,1,0,2
BRDA:9,1,1,1
BRDA:9,1,2,1
BRDA:35,2,0,1
BRDA:35,2,1,0
BRDA:48,3,0,1
BRDA:48,3,1,0
BRF:9
BRH:7
end_of_record
